<?xml version="1.0" encoding="UTF-8"?>
<!-- Generated by org.testng.reporters.JUnitReportReporter -->
<testsuite hostname="DESKTOP-TFUFUVK" failures="0" tests="18" name="com.orangehrm.testng.tests.LoginTest1" time="36.811" errors="0" timestamp="2024-12-19T20:59:34 IST" skipped="0">
  <testcase classname="com.orangehrm.testng.tests.LoginTest1" name="testLoginWithValidCredentials" time="5.478"/>
  <system-out/>
  <testcase classname="com.orangehrm.testng.tests.LoginTest1" name="testLoginWithValidCredentials" time="3.682"/>
  <system-out/>
  <testcase classname="com.orangehrm.testng.tests.LoginTest1" name="testLoginWithValidCredentials" time="5.769"/>
  <system-out/>
  <testcase classname="com.orangehrm.testng.tests.LoginTest1" name="testLoginWithInvalidCredentials" time="1.728"/>
  <system-out/>
  <testcase classname="com.orangehrm.testng.tests.LoginTest1" name="testLoginWithInvalidCredentials" time="1.688"/>
  <system-out/>
  <testcase classname="com.orangehrm.testng.tests.LoginTest1" name="testLoginWithInvalidCredentials" time="1.553"/>
  <system-out/>
  <testcase classname="com.orangehrm.testng.tests.LoginTest1" name="testLoginWithInvalidCredentials" time="1.621"/>
  <system-out/>
  <testcase classname="com.orangehrm.testng.tests.LoginTest1" name="testLoginWithInvalidCredentials" time="1.751"/>
  <system-out/>
  <testcase classname="com.orangehrm.testng.tests.LoginTest1" name="testLoginWithInvalidCredentials" time="1.342"/>
  <system-out/>
  <testcase classname="com.orangehrm.testng.tests.LoginTest1" name="testLoginWithInvalidCredentials" time="1.616"/>
  <system-out/>
  <testcase classname="com.orangehrm.testng.tests.LoginTest1" name="testLoginWithInvalidCredentials" time="1.275"/>
  <system-out/>
  <testcase classname="com.orangehrm.testng.tests.LoginTest1" name="testLoginWithInvalidCredentials" time="1.575"/>
  <system-out/>
  <testcase classname="com.orangehrm.testng.tests.LoginTest1" name="testLoginWithEmptyCredentials" time="0.171"/>
  <system-out/>
  <testcase classname="com.orangehrm.testng.tests.LoginTest1" name="testLoginWithEmptyCredentials" time="0.301"/>
  <system-out/>
  <testcase classname="com.orangehrm.testng.tests.LoginTest1" name="testLoginWithEmptyCredentials" time="0.170"/>
  <system-out/>
  <testcase classname="com.orangehrm.testng.tests.LoginTest1" name="testResetPassword" time="2.198"/>
  <system-out/>
  <testcase classname="com.orangehrm.testng.tests.LoginTest1" name="testResetPassword" time="2.658"/>
  <system-out/>
  <testcase classname="com.orangehrm.testng.tests.LoginTest1" name="testResetPassword" time="2.235"/>
  <system-out/>
</testsuite> <!-- com.orangehrm.testng.tests.LoginTest1 -->
