<?xml version="1.0" encoding="UTF-8"?>
<!-- Generated by org.testng.reporters.JUnitReportReporter -->
<testsuite hostname="DESKTOP-TFUFUVK" failures="0" tests="18" name="com.orangehrm.testng.tests.LoginTest2" time="36.892" errors="0" timestamp="2024-12-19T20:59:34 IST" skipped="0">
  <testcase classname="com.orangehrm.testng.tests.LoginTest2" name="testLoginWithValidCredentials" time="3.411"/>
  <system-out/>
  <testcase classname="com.orangehrm.testng.tests.LoginTest2" name="testLoginWithValidCredentials" time="5.624"/>
  <system-out/>
  <testcase classname="com.orangehrm.testng.tests.LoginTest2" name="testLoginWithValidCredentials" time="3.443"/>
  <system-out/>
  <testcase classname="com.orangehrm.testng.tests.LoginTest2" name="testLoginWithInvalidCredentials" time="1.994"/>
  <system-out/>
  <testcase classname="com.orangehrm.testng.tests.LoginTest2" name="testLoginWithInvalidCredentials" time="1.666"/>
  <system-out/>
  <testcase classname="com.orangehrm.testng.tests.LoginTest2" name="testLoginWithInvalidCredentials" time="1.616"/>
  <system-out/>
  <testcase classname="com.orangehrm.testng.tests.LoginTest2" name="testLoginWithInvalidCredentials" time="1.653"/>
  <system-out/>
  <testcase classname="com.orangehrm.testng.tests.LoginTest2" name="testLoginWithInvalidCredentials" time="1.354"/>
  <system-out/>
  <testcase classname="com.orangehrm.testng.tests.LoginTest2" name="testLoginWithInvalidCredentials" time="1.760"/>
  <system-out/>
  <testcase classname="com.orangehrm.testng.tests.LoginTest2" name="testLoginWithInvalidCredentials" time="2.147"/>
  <system-out/>
  <testcase classname="com.orangehrm.testng.tests.LoginTest2" name="testLoginWithInvalidCredentials" time="1.311"/>
  <system-out/>
  <testcase classname="com.orangehrm.testng.tests.LoginTest2" name="testLoginWithInvalidCredentials" time="1.641"/>
  <system-out/>
  <testcase classname="com.orangehrm.testng.tests.LoginTest2" name="testLoginWithEmptyCredentials" time="0.143"/>
  <system-out/>
  <testcase classname="com.orangehrm.testng.tests.LoginTest2" name="testLoginWithEmptyCredentials" time="0.283"/>
  <system-out/>
  <testcase classname="com.orangehrm.testng.tests.LoginTest2" name="testLoginWithEmptyCredentials" time="0.165"/>
  <system-out/>
  <testcase classname="com.orangehrm.testng.tests.LoginTest2" name="testResetPassword" time="3.400"/>
  <system-out/>
  <testcase classname="com.orangehrm.testng.tests.LoginTest2" name="testResetPassword" time="2.315"/>
  <system-out/>
  <testcase classname="com.orangehrm.testng.tests.LoginTest2" name="testResetPassword" time="2.966"/>
  <system-out/>
</testsuite> <!-- com.orangehrm.testng.tests.LoginTest2 -->
