<?xml version="1.0" encoding="UTF-8"?>
<!-- Generated by org.testng.reporters.JUnitReportReporter -->
<testsuite hostname="DESKTOP-TFUFUVK" failures="0" tests="3" name="com.orangehrm.tests.LoginTest" time="7.004" errors="0" timestamp="2024-10-04T08:25:33 IST" skipped="0">
  <testcase classname="com.orangehrm.tests.LoginTest" name="testLoginInvalidUsername" time="1.402"/>
  <system-out/>
  <testcase classname="com.orangehrm.tests.LoginTest" name="testLoginValidCredentials" time="3.721"/>
  <system-out/>
  <testcase classname="com.orangehrm.tests.LoginTest" name="testLoginInvalidPassword" time="1.881"/>
  <system-out/>
</testsuite> <!-- com.orangehrm.tests.LoginTest -->
