<?xml version="1.0" encoding="UTF-8"?>
<!-- Generated by org.testng.reporters.JUnitReportReporter -->
<testsuite hostname="DESKTOP-TFUFUVK" failures="0" tests="1" name="com.orangehrm.testng.tests.TC_Login_ResetPassword" time="2.684" errors="0" timestamp="2025-01-31T08:27:50 IST" skipped="0">
  <testcase classname="com.orangehrm.testng.tests.TC_Login_ResetPassword" name="testResetPassword" time="2.684"/>
</testsuite> <!-- com.orangehrm.testng.tests.TC_Login_ResetPassword -->
