<?xml version="1.0" encoding="UTF-8"?>
<!-- Generated by org.testng.reporters.JUnitReportReporter -->
<testsuite hostname="DESKTOP-TFUFUVK" failures="0" tests="1" name="com.orangehrm.testng.tests.TC_Login_ValidCredentials" time="2.697" errors="0" timestamp="2025-01-03T06:48:56 IST" skipped="0">
  <testcase classname="com.orangehrm.testng.tests.TC_Login_ValidCredentials" name="testLoginWithValidCredentials" time="2.697"/>
</testsuite> <!-- com.orangehrm.testng.tests.TC_Login_ValidCredentials -->
