<?xml version="1.0" encoding="UTF-8"?>
<!-- Generated by org.testng.reporters.JUnitReportReporter -->
<testsuite hostname="DESKTOP-TFUFUVK" failures="0" tests="1" name="com.orangehrm.testng.tests.TC_Login_ResetPassword" time="3.384" errors="0" timestamp="2025-01-03T06:48:56 IST" skipped="0">
  <testcase classname="com.orangehrm.testng.tests.TC_Login_ResetPassword" name="testResetPassword" time="3.384"/>
</testsuite> <!-- com.orangehrm.testng.tests.TC_Login_ResetPassword -->
