<?xml version="1.0" encoding="UTF-8"?>
<!-- Generated by org.testng.reporters.JUnitReportReporter -->
<testsuite hostname="DESKTOP-TFUFUVK" failures="0" tests="3" name="com.orangehrm.testng.tests.TC_Login_InvalidCredentials" time="5.367" errors="0" timestamp="2025-01-03T06:48:56 IST" skipped="0">
  <testcase classname="com.orangehrm.testng.tests.TC_Login_InvalidCredentials" name="testLoginWithInvalidCredentials" time="1.916"/>
  <testcase classname="com.orangehrm.testng.tests.TC_Login_InvalidCredentials" name="testLoginWithInvalidCredentials" time="1.529"/>
  <testcase classname="com.orangehrm.testng.tests.TC_Login_InvalidCredentials" name="testLoginWithInvalidCredentials" time="1.922"/>
</testsuite> <!-- com.orangehrm.testng.tests.TC_Login_InvalidCredentials -->
