<?xml version="1.0" encoding="UTF-8"?>
<!-- Generated by org.testng.reporters.JUnitReportReporter -->
<testsuite hostname="DESKTOP-TFUFUVK" failures="0" tests="3" name="com.orangehrm.testng.tests.TC_Login_InvalidCredentials" time="4.843" errors="0" timestamp="2025-01-31T08:27:50 IST" skipped="0">
  <testcase classname="com.orangehrm.testng.tests.TC_Login_InvalidCredentials" name="testLoginWithInvalidCredentials" time="1.434"/>
  <testcase classname="com.orangehrm.testng.tests.TC_Login_InvalidCredentials" name="testLoginWithInvalidCredentials" time="1.756"/>
  <testcase classname="com.orangehrm.testng.tests.TC_Login_InvalidCredentials" name="testLoginWithInvalidCredentials" time="1.653"/>
</testsuite> <!-- com.orangehrm.testng.tests.TC_Login_InvalidCredentials -->
