<?xml version="1.0" encoding="UTF-8"?>
<!-- Generated by org.testng.reporters.JUnitReportReporter -->
<testsuite hostname="DESKTOP-TFUFUVK" failures="0" tests="1" name="com.orangehrm.testng.tests.TC_Login_ValidCredentials" time="1.914" errors="0" timestamp="2025-01-31T08:27:50 IST" skipped="0">
  <testcase classname="com.orangehrm.testng.tests.TC_Login_ValidCredentials" name="testLoginWithValidCredentials" time="1.914"/>
</testsuite> <!-- com.orangehrm.testng.tests.TC_Login_ValidCredentials -->
